<?xml version="1.0" encoding="UTF-8"?>
<!-- Generated by org.testng.reporters.JUnitReportReporter -->
<testsuite hostname="abhijet" failures="0" tests="4" name="testNGPack.TestNGlinksCombine" time="39.302" errors="0" timestamp="2023-01-28T12:46:40 IST" skipped="0">
  <testcase classname="testNGPack.TestNGlinksCombine" name="clickOnPrivacypolicy" time="4.165"/>
  <system-out/>
  <testcase classname="testNGPack.TestNGlinksCombine" name="clickOnTermsLink" time="10.666"/>
  <system-out/>
  <testcase classname="testNGPack.TestNGlinksCombine" name="clickOnCookiesPolicyLink" time="18.858"/>
  <system-out/>
  <testcase classname="testNGPack.TestNGlinksCombine" name="signupComplete" time="5.613"/>
  <system-out/>
</testsuite> <!-- testNGPack.TestNGlinksCombine -->
