<?xml version="1.0" encoding="UTF-8"?>
<!-- Generated by org.testng.reporters.JUnitReportReporter -->
<testsuite hostname="abhijet" failures="0" tests="1" name="TestNGNew.TestNGPack_forgotNew" time="7.468" errors="0" timestamp="2023-02-09T08:36:48 IST" skipped="0">
  <testcase classname="TestNGNew.TestNGPack_forgotNew" name="test" time="7.468"/>
  <system-out/>
</testsuite> <!-- TestNGNew.TestNGPack_forgotNew -->
