<?xml version="1.0" encoding="UTF-8"?>
<!-- Generated by org.testng.reporters.JUnitReportReporter -->
<testsuite hostname="abhijet" failures="0" tests="1" name="testNGPack.testNGPack_signin" time="6.068" errors="0" timestamp="2023-01-24T09:49:08 IST" skipped="0">
  <testcase classname="testNGPack.testNGPack_signin" name="test" time="6.068"/>
  <system-out/>
</testsuite> <!-- testNGPack.testNGPack_signin -->
