<?xml version="1.0" encoding="UTF-8"?>
<!-- Generated by org.testng.reporters.JUnitReportReporter -->
<testsuite hostname="abhijet" failures="0" tests="2" name="TestNGNew.XYZ" time="31.964" errors="0" timestamp="2023-01-26T22:02:04 IST" skipped="0">
  <testcase classname="TestNGNew.XYZ" name="test" time="23.794"/>
  <system-out/>
  <testcase classname="TestNGNew.XYZ" name="test" time="8.170"/>
  <system-out/>
</testsuite> <!-- TestNGNew.XYZ -->
