<?xml version="1.0" encoding="UTF-8"?>
<!-- Generated by org.testng.reporters.JUnitReportReporter -->
<testsuite hostname="abhijet" failures="0" tests="1" name="testNGPack.TestNGPack_forgot" time="5.637" errors="0" timestamp="2023-01-24T09:49:08 IST" skipped="0">
  <testcase classname="testNGPack.TestNGPack_forgot" name="test" time="5.637"/>
  <system-out/>
</testsuite> <!-- testNGPack.TestNGPack_forgot -->
