<?xml version="1.0" encoding="UTF-8"?>
<!-- Generated by org.testng.reporters.JUnitReportReporter -->
<testsuite hostname="abhijet" failures="0" tests="1" name="testNGPack.TestClassLogIn" time="6.327" errors="0" timestamp="2023-01-24T09:49:08 IST" skipped="0">
  <testcase classname="testNGPack.TestClassLogIn" name="test" time="6.327"/>
  <system-out/>
</testsuite> <!-- testNGPack.TestClassLogIn -->
