<?xml version="1.0" encoding="UTF-8"?>
<!-- Generated by org.testng.reporters.JUnitReportReporter -->
<testsuite hostname="abhijet" failures="0" tests="1" name="testNGPack.TestClassTestNG" time="6.321" errors="0" timestamp="2023-01-24T08:21:17 IST" skipped="0">
  <testcase classname="testNGPack.TestClassTestNG" name="test" time="6.321"/>
  <system-out/>
</testsuite> <!-- testNGPack.TestClassTestNG -->
