<?xml version="1.0" encoding="UTF-8"?>
<!-- Generated by org.testng.reporters.JUnitReportReporter -->
<testsuite hostname="abhijet" failures="0" tests="1" name="TestNGNew.Practise" time="10.820" errors="0" timestamp="2023-02-09T08:11:54 IST" skipped="0">
  <testcase classname="TestNGNew.Practise" name="test" time="10.820"/>
  <system-out/>
</testsuite> <!-- TestNGNew.Practise -->
