<?xml version="1.0" encoding="UTF-8"?>
<!-- Generated by org.testng.reporters.JUnitReportReporter -->
<testsuite hostname="abhijet" failures="0" tests="8" name="TestNGNew.TestNGlinksCombine_New" time="30.911" errors="0" timestamp="2023-02-09T16:19:29 IST" skipped="0">
  <testcase classname="TestNGNew.TestNGlinksCombine_New" name="clickOnTermsLink" time="5.335"/>
  <system-out/>
  <testcase classname="TestNGNew.TestNGlinksCombine_New" name="clickOnTermsLink" time="4.804"/>
  <system-out/>
  <testcase classname="TestNGNew.TestNGlinksCombine_New" name="clickOnPrivacypolicy" time="3.345"/>
  <system-out/>
  <testcase classname="TestNGNew.TestNGlinksCombine_New" name="clickOnPrivacypolicy" time="1.790"/>
  <system-out/>
  <testcase classname="TestNGNew.TestNGlinksCombine_New" name="clickOnCookiesPolicyLink" time="1.878"/>
  <system-out/>
  <testcase classname="TestNGNew.TestNGlinksCombine_New" name="clickOnCookiesPolicyLink" time="4.102"/>
  <system-out/>
  <testcase classname="TestNGNew.TestNGlinksCombine_New" name="signupComplete" time="5.173"/>
  <system-out/>
  <testcase classname="TestNGNew.TestNGlinksCombine_New" name="signupComplete" time="4.484"/>
  <system-out/>
</testsuite> <!-- TestNGNew.TestNGlinksCombine_New -->
